0 info it worked if it ends with ok
1 verbose cli [ '/home/phil/.nvm/versions/node/v0.12.4/bin/node',
1 verbose cli   '/home/phil/.nvm/versions/node/v0.12.4/bin/npm',
1 verbose cli   'publish',
1 verbose cli   '.' ]
2 info using npm@2.10.1
3 info using node@v0.12.4
4 verbose publish [ '.' ]
5 silly cache add args [ '.', null ]
6 verbose cache add spec .
7 silly cache add parsed spec { raw: '.',
7 silly cache add   scope: null,
7 silly cache add   name: null,
7 silly cache add   rawSpec: '.',
7 silly cache add   spec: '/home/phil/misc-git-repos/my-repos/fs-bluebird',
7 silly cache add   type: 'directory' }
8 verbose addLocalDirectory /home/phil/.npm/fs-bluebird/0.1.3/package.tgz not in flight; packing
9 verbose tar pack [ '/home/phil/.npm/fs-bluebird/0.1.3/package.tgz',
9 verbose tar pack   '/home/phil/misc-git-repos/my-repos/fs-bluebird' ]
10 verbose tarball /home/phil/.npm/fs-bluebird/0.1.3/package.tgz
11 verbose folder /home/phil/misc-git-repos/my-repos/fs-bluebird
12 info prepublish fs-bluebird@0.1.3
13 verbose addLocalTarball adding from inside cache /home/phil/.npm/fs-bluebird/0.1.3/package.tgz
14 silly cache afterAdd fs-bluebird@0.1.3
15 verbose afterAdd /home/phil/.npm/fs-bluebird/0.1.3/package/package.json not in flight; writing
16 verbose afterAdd /home/phil/.npm/fs-bluebird/0.1.3/package/package.json written
17 silly publish { name: 'fs-bluebird',
17 silly publish   version: '0.1.3',
17 silly publish   description: 'simple fs wrapper intended to cover edge cases that promisifyAll doesn\'t cover (e.g. fs.exists)',
17 silly publish   main: 'index.js',
17 silly publish   scripts: { test: 'mocha -u tdd --no-colors --reporter spec tests.js' },
17 silly publish   repository:
17 silly publish    { type: 'git',
17 silly publish      url: 'git+https://github.com/olsonpm/fs-bluebird.git' },
17 silly publish   keywords: [ 'fs', 'bluebird', 'fs-bluebird' ],
17 silly publish   author: { name: 'Phil Olson' },
17 silly publish   license: 'ISC',
17 silly publish   bugs: { url: 'https://github.com/olsonpm/fs-bluebird/issues' },
17 silly publish   homepage: 'https://github.com/olsonpm/fs-bluebird',
17 silly publish   devDependencies: { chai: '^1.10.0', mocha: '^2.1.0' },
17 silly publish   dependencies: { bluebird: '^2.9.1' },
17 silly publish   readme: '# fs-bluebird\n\nThe intention of this library is to retain the same *Async prefix syntax while also covering the edge case of fs.exists (which doesn\'t follow the [error, result] callback parameter pattern).\n\nIf there are more edge cases to take care of I will be happy to add them to this library.  Better yet, you could send me a pull request with the fix and associated mocha test and I\'ll merge.\n\n###fs.existsAsync example:\n\n```\nvar bFs = require(\'fs-bluebird\');\n\nvar fileThatExists = \'./index.js\';\n\nbFs.existsAsync(fileThatExists)\n  .then(function(exists) {\n    if (exists) {\n      // do something with file\n    }\n  });\n```\n\nFeel free to contact me with questions\n',
17 silly publish   readmeFilename: 'README.md',
17 silly publish   gitHead: 'cdeca3b350f752c513712ac78448fbdffd17169d',
17 silly publish   _id: 'fs-bluebird@0.1.3',
17 silly publish   _shasum: 'd3b382f95adde42aa24ca075788f791e5fac5c93',
17 silly publish   _from: '.' }
18 verbose getPublishConfig undefined
19 silly mapToRegistry name fs-bluebird
20 silly mapToRegistry using default registry
21 silly mapToRegistry registry https://registry.npmjs.org/
22 silly mapToRegistry uri https://registry.npmjs.org/fs-bluebird
23 verbose publish registryBase https://registry.npmjs.org/
24 silly publish uploading /home/phil/.npm/fs-bluebird/0.1.3/package.tgz
25 verbose request uri https://registry.npmjs.org/fs-bluebird
26 verbose request sending authorization for write operation
27 info attempt registry request try #1 at 1:40:28 PM
28 verbose request id 5ff31f72296ad7df
29 http request PUT https://registry.npmjs.org/fs-bluebird
30 http 403 https://registry.npmjs.org/fs-bluebird
31 verbose headers { 'content-type': 'application/json',
31 verbose headers   'cache-control': 'max-age=60',
31 verbose headers   'content-length': '95',
31 verbose headers   'accept-ranges': 'bytes',
31 verbose headers   date: 'Sun, 14 Jun 2015 18:40:28 GMT',
31 verbose headers   via: '1.1 varnish',
31 verbose headers   connection: 'keep-alive',
31 verbose headers   'x-served-by': 'cache-ord1727-ORD',
31 verbose headers   'x-cache': 'MISS',
31 verbose headers   'x-cache-hits': '0',
31 verbose headers   'x-timer': 'S1434307228.477469,VS0,VE177' }
32 verbose request invalidating /home/phil/.npm/registry.npmjs.org/fs-bluebird on PUT
33 error publish Failed PUT 403
34 verbose stack Error: "You cannot publish over the previously published version 0.1.3." : fs-bluebird
34 verbose stack     at CachingRegistryClient.<anonymous> (/home/phil/.nvm/versions/node/v0.12.4/lib/node_modules/npm/node_modules/npm-registry-client/lib/request.js:247:14)
34 verbose stack     at Request._callback (/home/phil/.nvm/versions/node/v0.12.4/lib/node_modules/npm/node_modules/npm-registry-client/lib/request.js:170:14)
34 verbose stack     at Request.self.callback (/home/phil/.nvm/versions/node/v0.12.4/lib/node_modules/npm/node_modules/request/request.js:368:22)
34 verbose stack     at Request.emit (events.js:110:17)
34 verbose stack     at Request.<anonymous> (/home/phil/.nvm/versions/node/v0.12.4/lib/node_modules/npm/node_modules/request/request.js:1219:14)
34 verbose stack     at Request.emit (events.js:129:20)
34 verbose stack     at IncomingMessage.<anonymous> (/home/phil/.nvm/versions/node/v0.12.4/lib/node_modules/npm/node_modules/request/request.js:1167:12)
34 verbose stack     at IncomingMessage.emit (events.js:129:20)
34 verbose stack     at _stream_readable.js:908:16
34 verbose stack     at process._tickCallback (node.js:355:11)
35 verbose statusCode 403
36 verbose pkgid fs-bluebird
37 verbose cwd /home/phil/misc-git-repos/my-repos/fs-bluebird
38 error Linux 3.16.0-38-generic
39 error argv "/home/phil/.nvm/versions/node/v0.12.4/bin/node" "/home/phil/.nvm/versions/node/v0.12.4/bin/npm" "publish" "."
40 error node v0.12.4
41 error npm  v2.10.1
42 error code E403
43 error "You cannot publish over the previously published version 0.1.3." : fs-bluebird
44 error If you need help, you may report this error at:
44 error     <https://github.com/npm/npm/issues>
45 verbose exit [ 1, true ]
